Generating index pages...
Generating content for eng...
Generating content for fra...
Generating content for deu...
Generating content for spa...
Generating content for ita...
Generating content for por...
Generating content for nld...
Generating content for pol...
Generating content for ron...
Generating content for ces...
Generating content for hun...
Generating content for swe...
Generating content for ell...
Generating content for bul...
Generating content for dan...
Generating content for fin...
Generating content for slk...
Generating content for hrv...
Generating content for lit...
Generating content for lav...
Generating content for slv...
Generating content for est...
Generating content for gle...
Generating content for mlt...
Generating content for ara...
Generating content for rus...
Generating content for zho...
Generating content for hin...
Generating content for jpn...
Generating content for heb...
Generating content for ind...
Generating content for ben...
Generating content for tur...
Generating content for kor...
Generating content for vie...
Generating content for fas...
Generation complete.
